<?xml version="1.0" encoding="UTF-8"?>
<testng-results ignored="0" total="1" passed="1" failed="0" skipped="0">
  <reporter-output>
  </reporter-output>
  <suite started-at="2023-12-22T00:24:11 IST" name="Default suite" finished-at="2023-12-22T00:24:54 IST" duration-ms="43165">
    <groups>
    </groups>
    <test started-at="2023-12-22T00:24:11 IST" name="Default test" finished-at="2023-12-22T00:24:54 IST" duration-ms="43165">
      <class name="TC_Repo.TC_01">
        <test-method is-config="true" signature="createDbConnection()[pri:0, instance:TC_Repo.TC_01@795cd85e]" started-at="2023-12-22T00:24:11 IST" name="createDbConnection" finished-at="2023-12-22T00:24:11 IST" duration-ms="4" status="PASS">
          <reporter-output>
          </reporter-output>
        </test-method> <!-- createDbConnection -->
        <test-method is-config="true" signature="launchBrowser()[pri:0, instance:TC_Repo.TC_01@795cd85e]" started-at="2023-12-22T00:24:11 IST" name="launchBrowser" finished-at="2023-12-22T00:24:33 IST" duration-ms="21933" status="PASS">
          <reporter-output>
          </reporter-output>
        </test-method> <!-- launchBrowser -->
        <test-method signature="flipkartTestcase()[pri:0, instance:TC_Repo.TC_01@795cd85e]" started-at="2023-12-22T00:24:33 IST" name="flipkartTestcase" finished-at="2023-12-22T00:24:54 IST" duration-ms="21058" status="PASS">
          <reporter-output>
          </reporter-output>
        </test-method> <!-- flipkartTestcase -->
        <test-method is-config="true" signature="closeWindow()[pri:0, instance:TC_Repo.TC_01@795cd85e]" started-at="2023-12-22T00:24:54 IST" name="closeWindow" finished-at="2023-12-22T00:24:54 IST" duration-ms="0" status="PASS">
          <reporter-output>
          </reporter-output>
        </test-method> <!-- closeWindow -->
        <test-method is-config="true" signature="closeDbConnection()[pri:0, instance:TC_Repo.TC_01@795cd85e]" started-at="2023-12-22T00:24:55 IST" name="closeDbConnection" finished-at="2023-12-22T00:24:55 IST" duration-ms="0" status="PASS">
          <reporter-output>
          </reporter-output>
        </test-method> <!-- closeDbConnection -->
      </class> <!-- TC_Repo.TC_01 -->
    </test> <!-- Default test -->
  </suite> <!-- Default suite -->
</testng-results>
